2023-11-09T06:14:38+00:00 DEBUG POST: https://ads.tiktok.com/marketing_api/api/developer/app/create_auto_approve/

{"business_platform":"PROD","smb_id":"tt4b_woocommerce_654c78ce9714bhttplocalhostwebbookshopwp-admin","smb_name":"PROD","redirect_url":"http:\/\/localhost\/webbookshop\/wp-admin\/"}
 ajax: no
2023-11-09T06:14:38+00:00 DEBUG Tt4b_Mapi_Class::create_open_source_app: Response: 

HTTP/1.1 200 OK
Server: TLB
Content-Type: application/json
X-Tt-Logid: 20231109061437BA2D49B2E370C889368F,20231109061437BA2D49B2E370C889368F
Strict-Transport-Security: max-age=31536000; includeSubDomains
x-tt-trace-host: 017042f0cf06a4732fe160e33900a9c6c113a47a7983b4aa66b6f7d95e914edd2660224d5a0fd5b661f374042da769ab5a276a9e5a0f8a75765725607c7059e926283152f98cb5a03ae5e8ead9d5e3a8151ef04069135d88fb4cb1a80dd9b7e6b5214e7a9faa62c5d57715477b7800059d
Content-Encoding: gzip
Content-Length: 207
X-Origin-Response-Time: 162,23.48.107.7
X-Akamai-Request-ID: 20b6c1ad.1c50341
Date: Thu, 09 Nov 2023 06:14:38 GMT
X-Cache: TCP_MISS from a23-32-74-84.deploy.akamaitechnologies.com (AkamaiGHost/11.3.2-52182464) (-)
Connection: close
Vary: Accept-Encoding
X-Cache-Remote: TCP_MISS from a23-48-107-7.deploy.akamaitechnologies.com (AkamaiGHost/11.3.2-52182464) (-)
x-tt-trace-tag: id=16;cdn-cache=miss;type=dyn
Server-Timing: cdn-cache; desc=MISS, edge; dur=22, origin; dur=162
Server-Timing: inner; dur=156
X-Parent-Response-Time: 182,23.32.74.84

{"code":0,"msg":"ok","data":{"redirect_uri":"http:\/\/localhost\/webbookshop\/wp-admin\/","external_data_key":"0dd0a57e-a05f-494d-85c8-49a11ad5a524","app_id":"7299341925889359873","app_secret":"9c7cf839aad7b4af5660a463f72466c9e0da6d35"}}

2023-11-09T06:46:07+00:00 DEBUG Tt4b_Pixel_Class::inject_view_content_event: hit ViewContent
2023-11-09T06:46:07+00:00 DEBUG Tt4b_Pixel_Class::inject_view_content_event: Missing option "access_token"
2023-11-09T06:46:07+00:00 DEBUG Tt4b_Pixel_Class::inject_view_content_event: hit ViewContent
2023-11-09T06:46:07+00:00 DEBUG Tt4b_Pixel_Class::inject_view_content_event: Missing option "access_token"
2023-11-09T06:47:16+00:00 DEBUG Tt4b_Pixel_Class::inject_view_content_event: hit ViewContent
2023-11-09T06:47:16+00:00 DEBUG Tt4b_Pixel_Class::inject_view_content_event: Missing option "access_token"
2023-11-09T06:59:29+00:00 DEBUG Tt4b_Pixel_Class::inject_add_to_cart_event: hit AddToCart
2023-11-09T06:59:29+00:00 DEBUG Tt4b_Pixel_Class::inject_add_to_cart_event: Missing option "access_token"
2023-11-09T06:59:32+00:00 DEBUG Tt4b_Pixel_Class::inject_view_content_event: hit ViewContent
2023-11-09T06:59:32+00:00 DEBUG Tt4b_Pixel_Class::inject_view_content_event: Missing option "access_token"
2023-11-09T07:00:46+00:00 DEBUG Tt4b_Pixel_Class::inject_start_checkout: hit InitiateCheckout
2023-11-09T07:00:46+00:00 DEBUG Tt4b_Pixel_Class::inject_start_checkout: Missing option "access_token"
